<?xml version="1.0" encoding="UTF-8"?>
<!-- Generated by org.testng.reporters.JUnitXMLReporter -->
<testsuite ignored="3" hostname="DESKTOP-S934G45" failures="0" tests="5" name="Car Loan" time="1.891" errors="0" timestamp="2026-06-24T10:25:53 IST">
  <testcase classname="test.Class3" name="DataProviderTest" time="0.117"/>
  <testcase classname="test.Class3" name="DataProviderTest" time="0.102"/>
  <testcase classname="test.Class3" name="DataProviderTest" time="0.039"/>
  <testcase classname="test.Class3" name="WebLogin" time="0.013"/>
  <testcase classname="test.Class3" name="LoginAPI" time="0.025"/>
  <testcase classname="test.Class3" name="MobileSignin" time="0.0">
    <ignored/>
  </testcase> <!-- MobileSignin -->
  <testcase classname="test.Class3" name="MobileLogin" time="0.0">
    <ignored/>
  </testcase> <!-- MobileLogin -->
  <testcase classname="test.Class3" name="MobileSignout" time="0.0">
    <ignored/>
  </testcase> <!-- MobileSignout -->
</testsuite> <!-- Car Loan -->
