<?xml version="1.0" encoding="UTF-8"?>
<!-- Generated by org.testng.reporters.JUnitXMLReporter -->
<testsuite ignored="2" hostname="DESKTOP-S934G45" failures="0" tests="1" name="Home Loan" time="0.678" errors="0" timestamp="2026-06-24T10:25:52 IST">
  <testcase classname="test.Class4" name="LoginHomeAPI" time="0.154"/>
  <testcase classname="test.Class4" name="MobileHomeLogin" time="0.0">
    <ignored/>
  </testcase> <!-- MobileHomeLogin -->
  <testcase classname="test.Class4" name="WebHomeLogin" time="0.0">
    <ignored/>
  </testcase> <!-- WebHomeLogin -->
</testsuite> <!-- Home Loan -->
