<?xml version="1.0" encoding="UTF-8"?>
<!-- Generated by org.testng.reporters.JUnitXMLReporter -->
<testsuite ignored="1" hostname="DESKTOP-S934G45" failures="3" tests="13" name="Personal Loan" time="0.335" errors="0" timestamp="2026-06-24T10:42:53 IST">
  <testcase classname="test.Class1" name="Demo" time="0.026">
    <failure type="java.lang.AssertionError" message="expected [true] but found [false]">
      <![CDATA[java.lang.AssertionError: expected [true] but found [false]
at test.Class1.Demo(Class1.java:33)
at java.base/java.util.ArrayList.forEach(ArrayList.java:1596)
... Removed 29 stack frames]]>
    </failure>
  </testcase> <!-- Demo -->
  <testcase classname="test.Class1" name="Demo2" time="0.007"/>
  <testcase classname="test.Class2" name="Demo2" time="0.0">
    <failure type="org.testng.TestNGException" message="
Parameter &amp;apos;URL&amp;apos; is required by @Test on method Demo2 but has not been marked @Optional or defined
in C:\Users\New\eclipse-workspace\TestNGTutorials\testng2.xml">
      <![CDATA[org.testng.TestNGException: 
Parameter 'URL' is required by @Test on method Demo2 but has not been marked @Optional or defined
in C:\Users\New\eclipse-workspace\TestNGTutorials\testng2.xml
at java.base/java.util.ArrayList.forEach(ArrayList.java:1596)
... Removed 26 stack frames]]>
    </failure>
  </testcase> <!-- Demo2 -->
  <testcase classname="test.Class3" name="DataProviderTest" time="0.01"/>
  <testcase classname="test.Class3" name="DataProviderTest" time="0.006"/>
  <testcase classname="test.Class3" name="DataProviderTest" time="0.005"/>
  <testcase classname="test.Class3" name="MobileSignout" time="0.005"/>
  <testcase classname="test.Class3" name="WebLogin" time="0.0">
    <failure type="org.testng.TestNGException" message="
Parameter &amp;apos;URL&amp;apos; is required by @Test on method WebLogin but has not been marked @Optional or defined
in C:\Users\New\eclipse-workspace\TestNGTutorials\testng2.xml">
      <![CDATA[org.testng.TestNGException: 
Parameter 'URL' is required by @Test on method WebLogin but has not been marked @Optional or defined
in C:\Users\New\eclipse-workspace\TestNGTutorials\testng2.xml
at java.base/java.util.ArrayList.forEach(ArrayList.java:1596)
... Removed 26 stack frames]]>
    </failure>
  </testcase> <!-- WebLogin -->
  <testcase classname="test.Class3" name="MobileLogin" time="0.012"/>
  <testcase classname="test.Class3" name="LoginAPI" time="0.0">
    <skipped/>
  </testcase> <!-- LoginAPI -->
  <testcase classname="test.Class4" name="LoginHomeAPI" time="0.004"/>
  <testcase classname="test.Class4" name="MobileHomeLogin" time="0.005"/>
  <testcase classname="test.Class4" name="WebHomeLogin" time="0.004"/>
  <testcase classname="test.Class3" name="MobileSignin" time="0.0">
    <ignored/>
  </testcase> <!-- MobileSignin -->
</testsuite> <!-- Personal Loan -->
