<?xml version="1.0" encoding="UTF-8"?>
<!-- Generated by org.testng.reporters.JUnitXMLReporter -->
<testsuite ignored="9" hostname="DESKTOP-S934G45" failures="0" tests="2" name="Personal Loan" time="0.245" errors="0" timestamp="2026-06-23T15:45:01 IST">
  <testcase classname="test.Class2" name="Demo2" time="0.062"/>
  <testcase classname="test.Class3" name="LoginAPI" time="0.009"/>
  <testcase classname="test.Class3" name="WebLogin" time="0.0">
    <ignored/>
  </testcase> <!-- WebLogin -->
  <testcase classname="test.Class3" name="MobileSignin" time="0.0">
    <ignored/>
  </testcase> <!-- MobileSignin -->
  <testcase classname="test.Class1" name="Demo" time="0.0">
    <ignored/>
  </testcase> <!-- Demo -->
  <testcase classname="test.Class3" name="MobileSignout" time="0.0">
    <ignored/>
  </testcase> <!-- MobileSignout -->
  <testcase classname="test.Class4" name="WebHomeLogin" time="0.0">
    <ignored/>
  </testcase> <!-- WebHomeLogin -->
  <testcase classname="test.Class4" name="LoginHomeAPI" time="0.0">
    <ignored/>
  </testcase> <!-- LoginHomeAPI -->
  <testcase classname="test.Class4" name="MobileHomeLogin" time="0.0">
    <ignored/>
  </testcase> <!-- MobileHomeLogin -->
  <testcase classname="test.Class1" name="Demo2" time="0.0">
    <ignored/>
  </testcase> <!-- Demo2 -->
  <testcase classname="test.Class3" name="MobileLogin" time="0.0">
    <ignored/>
  </testcase> <!-- MobileLogin -->
</testsuite> <!-- Personal Loan -->
