<?xml version="1.0" encoding="UTF-8"?>
<testng-results ignored="0" total="2" passed="2" failed="0" skipped="0">
  <reporter-output>
  </reporter-output>
  <suite started-at="2026-06-24T15:19:45 IST" name="Default suite" finished-at="2026-06-24T15:19:45 IST" duration-ms="182">
    <groups>
    </groups>
    <test started-at="2026-06-24T15:19:45 IST" name="Default test" finished-at="2026-06-24T15:19:45 IST" duration-ms="182">
      <class name="OOP.CC">
        <test-method is-config="true" signature="BeforeRun()[pri:0, instance:OOP.CC@10e31a9a]" started-at="2026-06-24T15:19:45 IST" name="BeforeRun" finished-at="2026-06-24T15:19:45 IST" duration-ms="22" status="PASS">
          <reporter-output>
          </reporter-output>
        </test-method> <!-- BeforeRun -->
        <test-method signature="RunThis()[pri:0, instance:OOP.CC@10e31a9a]" started-at="2026-06-24T15:19:45 IST" name="RunThis" finished-at="2026-06-24T15:19:45 IST" duration-ms="19" status="PASS">
          <reporter-output>
          </reporter-output>
        </test-method> <!-- RunThis -->
        <test-method is-config="true" signature="BeforeRun()[pri:0, instance:OOP.CC@10e31a9a]" started-at="2026-06-24T15:19:45 IST" name="BeforeRun" finished-at="2026-06-24T15:19:45 IST" duration-ms="3" status="PASS">
          <reporter-output>
          </reporter-output>
        </test-method> <!-- BeforeRun -->
        <test-method signature="RunThisTest()[pri:0, instance:OOP.CC@10e31a9a]" started-at="2026-06-24T15:19:45 IST" name="RunThisTest" finished-at="2026-06-24T15:19:45 IST" duration-ms="9" status="PASS">
          <reporter-output>
          </reporter-output>
        </test-method> <!-- RunThisTest -->
      </class> <!-- OOP.CC -->
    </test> <!-- Default test -->
  </suite> <!-- Default suite -->
</testng-results>
