<?xml version="1.0" encoding="UTF-8"?>
<!-- Generated by org.testng.reporters.JUnitReportReporter -->
<testsuite hostname="DESKTOP-S934G45" failures="0" tests="3" name="test.Class4" time="0.013" errors="0" timestamp="2026-06-24T10:42:55 IST" skipped="0">
  <testcase classname="test.Class4" name="WebHomeLogin" time="0.004"/>
  <testcase classname="test.Class4" name="MobileHomeLogin" time="0.005"/>
  <testcase classname="test.Class4" name="LoginHomeAPI" time="0.004"/>
</testsuite> <!-- test.Class4 -->
